<?xml version="1.0" encoding="UTF-8"?>
<!-- Generated by org.testng.reporters.JUnitXMLReporter -->
<testsuite hostname="01HW534850" name="Test" tests="4" failures="0" timestamp="25 Jul 2017 15:14:56 GMT" time="9.276" errors="0">
  <testcase name="@BeforeClass launchChrome" time="0.0" classname="rhb.RhbTest">
    <failure type="org.openqa.selenium.SessionNotCreatedException" message="A new session could not be created. (Original error: spawn OK) (WARNING: The server did not provide any stacktrace information)
Command duration or timeout: 8.73 seconds
Build info: version: &amp;apos;2.48.2&amp;apos;, revision: &amp;apos;41bccdd10cf2c0560f637404c2d96164b67d9d67&amp;apos;, time: &amp;apos;2015-10-09 13:08:06&amp;apos;
System info: host: &amp;apos;01HW534850&amp;apos;, ip: &amp;apos;10.18.11.81&amp;apos;, os.name: &amp;apos;Windows 7&amp;apos;, os.arch: &amp;apos;x86&amp;apos;, os.version: &amp;apos;6.1&amp;apos;, java.version: &amp;apos;1.8.0_45&amp;apos;
Driver info: org.openqa.selenium.remote.RemoteWebDriver">
      <![CDATA[org.openqa.selenium.SessionNotCreatedException: A new session could not be created. (Original error: spawn OK) (WARNING: The server did not provide any stacktrace information)
Command duration or timeout: 8.73 seconds
Build info: version: '2.48.2', revision: '41bccdd10cf2c0560f637404c2d96164b67d9d67', time: '2015-10-09 13:08:06'
System info: host: '01HW534850', ip: '10.18.11.81', os.name: 'Windows 7', os.arch: 'x86', os.version: '6.1', java.version: '1.8.0_45'
Driver info: org.openqa.selenium.remote.RemoteWebDriver
	at org.openqa.selenium.remote.ErrorHandler.createThrowable(ErrorHandler.java:206)
	at org.openqa.selenium.remote.ErrorHandler.throwIfResponseFailed(ErrorHandler.java:158)
	at org.openqa.selenium.remote.RemoteWebDriver.execute(RemoteWebDriver.java:647)
	at org.openqa.selenium.remote.RemoteWebDriver.startSession(RemoteWebDriver.java:247)
	at org.openqa.selenium.remote.RemoteWebDriver.<init>(RemoteWebDriver.java:129)
	at org.openqa.selenium.remote.RemoteWebDriver.<init>(RemoteWebDriver.java:156)
	at rhb.RhbTest.launchChrome(RhbTest.java:36)
... Removed 29 stack frames]]>
    </failure>
  </testcase> <!-- @BeforeClass launchChrome -->
  <testcase name="@AfterClass tearDown" time="0.0" classname="rhb.RhbTest">
    <skipped/>
  </testcase> <!-- @AfterClass tearDown -->
  <testcase name="launchApplication" time="0.006" classname="rhb.RhbTest">
    <skipped/>
  </testcase> <!-- launchApplication -->
  <testcase name="homeLoanCalculator" time="0.001" classname="rhb.RhbTest">
    <skipped/>
  </testcase> <!-- homeLoanCalculator -->
  <testcase name="homeAffordabilityCalculator" time="0.001" classname="rhb.RhbTest">
    <skipped/>
  </testcase> <!-- homeAffordabilityCalculator -->
  <testcase name="investment" time="0.001" classname="rhb.RhbTest">
    <skipped/>
  </testcase> <!-- investment -->
</testsuite> <!-- Test -->
